<?xml version="1.0" encoding="UTF-8"?>
<!-- Generated by org.testng.reporters.JUnitReportReporter -->
<testsuite skipped="0" hostname="Brat-PC" name="com.craftsvilla.testscripts.DemoTest" tests="1" failures="0" timestamp="2019-10-18T18:07:12 PDT" time="12.887" errors="0">
  <testcase name="testMethod" time="12.887" classname="com.craftsvilla.testscripts.DemoTest"/>
</testsuite> <!-- com.craftsvilla.testscripts.DemoTest -->
